# JRE version: Java(TM) SE Runtime Environment (17.0.9+11) (build 17.0.9+11-LTS-201)
# Java VM: Java HotSpot(TM) 64-Bit Server VM (17.0.9+11-LTS-201, mixed mode, sharing, tiered, compressed oops, compressed class ptrs, g1 gc, windows-amd64)
GC Precious Log:
 CPUs: 4 total, 4 available
 Memory: 3975M
 Large Page Support: Disabled
 NUMA Support: Disabled
 Compressed Oops: Enabled (Zero based)
 Heap Region Size: 4M
 Heap Min Capacity: 8M
 Heap Initial Capacity: 64M
 Heap Max Capacity: 6G
 Pre-touch: Disabled
 Parallel Workers: 4
 Concurrent Workers: 1
 Concurrent Refinement Workers: 4
 Periodic GC: Disabled
Heap:
 garbage-first heap   total 507904K, used 256607K [0x0000000680000000, 0x0000000800000000)
  region size 4096K, 5 young (20480K), 5 survivors (20480K)
 Metaspace       used 108233K, committed 110080K, reserved 1179648K
  class space    used 15228K, committed 16064K, reserved 1048576K
GC Heap History (20 events):
Event: 182.309 GC heap after
{Heap after GC invocations=61 (full 0):
 garbage-first heap   total 225280K, used 126864K [0x0000000680000000, 0x0000000800000000)
  region size 4096K, 2 young (8192K), 2 survivors (8192K)
 Metaspace       used 91572K, committed 92608K, reserved 1179648K
  class space    used 12969K, committed 13440K, reserved 1048576K
}
Event: 182.445 GC heap before
{Heap before GC invocations=61 (full 0):
 garbage-first heap   total 225280K, used 130960K [0x0000000680000000, 0x0000000800000000)
  region size 4096K, 3 young (12288K), 2 survivors (8192K)
 Metaspace       used 91665K, committed 92800K, reserved 1179648K
  class space    used 12979K, committed 13504K, reserved 1048576K
}
Event: 182.484 GC heap after
{Heap after GC invocations=62 (full 0):
 garbage-first heap   total 225280K, used 128099K [0x0000000680000000, 0x0000000800000000)
  region size 4096K, 1 young (4096K), 1 survivors (4096K)
 Metaspace       used 91665K, committed 92800K, reserved 1179648K
  class space    used 12979K, committed 13504K, reserved 1048576K
}
Event: 184.007 GC heap before
{Heap before GC invocations=62 (full 0):
 garbage-first heap   total 225280K, used 177251K [0x0000000680000000, 0x0000000800000000)
  region size 4096K, 13 young (53248K), 1 survivors (4096K)
 Metaspace       used 92627K, committed 93824K, reserved 1179648K
  class space    used 13089K, committed 13632K, reserved 1048576K
}
Event: 184.036 GC heap after
{Heap after GC invocations=63 (full 0):
 garbage-first heap   total 225280K, used 139264K [0x0000000680000000, 0x0000000800000000)
  region size 4096K, 2 young (8192K), 2 survivors (8192K)
 Metaspace       used 92627K, committed 93824K, reserved 1179648K
  class space    used 13089K, committed 13632K, reserved 1048576K
}
Event: 185.962 GC heap before
{Heap before GC invocations=64 (full 0):
 garbage-first heap   total 253952K, used 176128K [0x0000000680000000, 0x0000000800000000)
  region size 4096K, 11 young (45056K), 2 survivors (8192K)
 Metaspace       used 93525K, committed 94848K, reserved 1179648K
  class space    used 13232K, committed 13888K, reserved 1048576K
}
Event: 185.992 GC heap after
{Heap after GC invocations=65 (full 0):
 garbage-first heap   total 253952K, used 145305K [0x0000000680000000, 0x0000000800000000)
  region size 4096K, 2 young (8192K), 2 survivors (8192K)
 Metaspace       used 93525K, committed 94848K, reserved 1179648K
  class space    used 13232K, committed 13888K, reserved 1048576K
}
Event: 186.254 GC heap before
{Heap before GC invocations=65 (full 0):
 garbage-first heap   total 253952K, used 149401K [0x0000000680000000, 0x0000000800000000)
  region size 4096K, 3 young (12288K), 2 survivors (8192K)
 Metaspace       used 93574K, committed 94912K, reserved 1179648K
  class space    used 13240K, committed 13888K, reserved 1048576K
}
Event: 186.285 GC heap after
{Heap after GC invocations=66 (full 0):
 garbage-first heap   total 253952K, used 146191K [0x0000000680000000, 0x0000000800000000)
  region size 4096K, 1 young (4096K), 1 survivors (4096K)
 Metaspace       used 93574K, committed 94912K, reserved 1179648K
  class space    used 13240K, committed 13888K, reserved 1048576K
}
Event: 191.032 GC heap before
{Heap before GC invocations=66 (full 0):
 garbage-first heap   total 253952K, used 191247K [0x0000000680000000, 0x0000000800000000)
  region size 4096K, 13 young (53248K), 1 survivors (4096K)
 Metaspace       used 94112K, committed 95616K, reserved 1179648K
  class space    used 13318K, committed 14016K, reserved 1048576K
}
Event: 191.128 GC heap after
{Heap after GC invocations=67 (full 0):
 garbage-first heap   total 507904K, used 157689K [0x0000000680000000, 0x0000000800000000)
  region size 4096K, 2 young (8192K), 2 survivors (8192K)
 Metaspace       used 94112K, committed 95616K, reserved 1179648K
  class space    used 13318K, committed 14016K, reserved 1048576K
}
Event: 198.012 GC heap before
{Heap before GC invocations=68 (full 0):
 garbage-first heap   total 507904K, used 342009K [0x0000000680000000, 0x0000000800000000)
  region size 4096K, 47 young (192512K), 2 survivors (8192K)
 Metaspace       used 100701K, committed 102208K, reserved 1179648K
  class space    used 14234K, committed 14912K, reserved 1048576K
}
Event: 198.101 GC heap after
{Heap after GC invocations=69 (full 0):
 garbage-first heap   total 507904K, used 187364K [0x0000000680000000, 0x0000000800000000)
  region size 4096K, 6 young (24576K), 6 survivors (24576K)
 Metaspace       used 100701K, committed 102208K, reserved 1179648K
  class space    used 14234K, committed 14912K, reserved 1048576K
}
Event: 198.174 GC heap before
{Heap before GC invocations=69 (full 0):
 garbage-first heap   total 507904K, used 191460K [0x0000000680000000, 0x0000000800000000)
  region size 4096K, 7 young (28672K), 6 survivors (24576K)
 Metaspace       used 100905K, committed 102464K, reserved 1179648K
  class space    used 14263K, committed 14976K, reserved 1048576K
}
Event: 198.214 GC heap after
{Heap after GC invocations=70 (full 0):
 garbage-first heap   total 507904K, used 189757K [0x0000000680000000, 0x0000000800000000)
  region size 4096K, 1 young (4096K), 1 survivors (4096K)
 Metaspace       used 100905K, committed 102464K, reserved 1179648K
  class space    used 14263K, committed 14976K, reserved 1048576K
}
Event: 202.546 GC heap before
{Heap before GC invocations=70 (full 0):
 garbage-first heap   total 507904K, used 345405K [0x0000000680000000, 0x0000000800000000)
  region size 4096K, 39 young (159744K), 1 survivors (4096K)
 Metaspace       used 101714K, committed 103360K, reserved 1179648K
  class space    used 14374K, committed 15104K, reserved 1048576K
}
Event: 202.601 GC heap after
{Heap after GC invocations=71 (full 0):
 garbage-first heap   total 507904K, used 217088K [0x0000000680000000, 0x0000000800000000)
  region size 4096K, 5 young (20480K), 5 survivors (20480K)
 Metaspace       used 101714K, committed 103360K, reserved 1179648K
  class space    used 14374K, committed 15104K, reserved 1048576K
}
Event: 207.245 GC heap before
{Heap before GC invocations=71 (full 0):
 garbage-first heap   total 507904K, used 360448K [0x0000000680000000, 0x0000000800000000)
  region size 4096K, 40 young (163840K), 5 survivors (20480K)
 Metaspace       used 106886K, committed 108608K, reserved 1179648K
  class space    used 15098K, committed 15872K, reserved 1048576K
}
Event: 207.331 GC heap after
{Heap after GC invocations=72 (full 0):
 garbage-first heap   total 507904K, used 238172K [0x0000000680000000, 0x0000000800000000)
  region size 4096K, 5 young (20480K), 5 survivors (20480K)
 Metaspace       used 106886K, committed 108608K, reserved 1179648K
  class space    used 15098K, committed 15872K, reserved 1048576K
}
Event: 211.165 GC heap before
{Heap before GC invocations=72 (full 0):
 garbage-first heap   total 507904K, used 377436K [0x0000000680000000, 0x0000000800000000)
  region size 4096K, 39 young (159744K), 5 survivors (20480K)
 Metaspace       used 108233K, committed 110080K, reserved 1179648K
  class space    used 15228K, committed 16064K, reserved 1048576K
}

