# JRE version: Java(TM) SE Runtime Environment (17.0.9+11) (build 17.0.9+11-LTS-201)
# Java VM: Java HotSpot(TM) 64-Bit Server VM (17.0.9+11-LTS-201, mixed mode, sharing, tiered, compressed oops, compressed class ptrs, g1 gc, windows-amd64)
GC Precious Log:
 CPUs: 4 total, 4 available
 Memory: 3975M
 Large Page Support: Disabled
 NUMA Support: Disabled
 Compressed Oops: Enabled (Zero based)
 Heap Region Size: 2M
 Heap Min Capacity: 8M
 Heap Initial Capacity: 64M
 Heap Max Capacity: 4G
 Pre-touch: Disabled
 Parallel Workers: 4
 Concurrent Workers: 1
 Concurrent Refinement Workers: 4
 Periodic GC: Disabled
Heap:
 garbage-first heap   total 403456K, used 249755K [0x0000000700000000, 0x0000000800000000)
  region size 2048K, 7 young (14336K), 7 survivors (14336K)
 Metaspace       used 107367K, committed 109056K, reserved 1179648K
  class space    used 15146K, committed 15936K, reserved 1048576K
GC Heap History (20 events):
Event: 144.832 GC heap after
{Heap after GC invocations=65 (full 0):
 garbage-first heap   total 227328K, used 141136K [0x0000000700000000, 0x0000000800000000)
  region size 2048K, 4 young (8192K), 4 survivors (8192K)
 Metaspace       used 92470K, committed 93632K, reserved 1179648K
  class space    used 13066K, committed 13568K, reserved 1048576K
}
Event: 146.483 GC heap before
{Heap before GC invocations=66 (full 0):
 garbage-first heap   total 256000K, used 180048K [0x0000000700000000, 0x0000000800000000)
  region size 2048K, 23 young (47104K), 4 survivors (8192K)
 Metaspace       used 93542K, committed 94784K, reserved 1179648K
  class space    used 13230K, committed 13824K, reserved 1048576K
}
Event: 146.506 GC heap after
{Heap after GC invocations=67 (full 0):
 garbage-first heap   total 256000K, used 148347K [0x0000000700000000, 0x0000000800000000)
  region size 2048K, 3 young (6144K), 3 survivors (6144K)
 Metaspace       used 93542K, committed 94784K, reserved 1179648K
  class space    used 13230K, committed 13824K, reserved 1048576K
}
Event: 148.556 GC heap before
{Heap before GC invocations=67 (full 0):
 garbage-first heap   total 256000K, used 197499K [0x0000000700000000, 0x0000000800000000)
  region size 2048K, 29 young (59392K), 3 survivors (6144K)
 Metaspace       used 94108K, committed 95424K, reserved 1179648K
  class space    used 13317K, committed 13888K, reserved 1048576K
}
Event: 148.584 GC heap after
{Heap after GC invocations=68 (full 0):
 garbage-first heap   total 256000K, used 161459K [0x0000000700000000, 0x0000000800000000)
  region size 2048K, 4 young (8192K), 4 survivors (8192K)
 Metaspace       used 94108K, committed 95424K, reserved 1179648K
  class space    used 13317K, committed 13888K, reserved 1048576K
}
Event: 149.867 GC heap before
{Heap before GC invocations=69 (full 0):
 garbage-first heap   total 296960K, used 202419K [0x0000000700000000, 0x0000000800000000)
  region size 2048K, 24 young (49152K), 4 survivors (8192K)
 Metaspace       used 95825K, committed 97216K, reserved 1179648K
  class space    used 13519K, committed 14144K, reserved 1048576K
}
Event: 149.888 GC heap after
{Heap after GC invocations=70 (full 0):
 garbage-first heap   total 296960K, used 174004K [0x0000000700000000, 0x0000000800000000)
  region size 2048K, 3 young (6144K), 3 survivors (6144K)
 Metaspace       used 95825K, committed 97216K, reserved 1179648K
  class space    used 13519K, committed 14144K, reserved 1048576K
}
Event: 150.046 GC heap before
{Heap before GC invocations=70 (full 0):
 garbage-first heap   total 296960K, used 182196K [0x0000000700000000, 0x0000000800000000)
  region size 2048K, 7 young (14336K), 3 survivors (6144K)
 Metaspace       used 95890K, committed 97344K, reserved 1179648K
  class space    used 13529K, committed 14208K, reserved 1048576K
}
Event: 150.060 GC heap after
{Heap after GC invocations=71 (full 0):
 garbage-first heap   total 296960K, used 178176K [0x0000000700000000, 0x0000000800000000)
  region size 2048K, 1 young (2048K), 1 survivors (2048K)
 Metaspace       used 95890K, committed 97344K, reserved 1179648K
  class space    used 13529K, committed 14208K, reserved 1048576K
}
Event: 151.079 GC heap before
{Heap before GC invocations=71 (full 0):
 garbage-first heap   total 296960K, used 229376K [0x0000000700000000, 0x0000000800000000)
  region size 2048K, 26 young (53248K), 1 survivors (2048K)
 Metaspace       used 96709K, committed 98176K, reserved 1179648K
  class space    used 13646K, committed 14336K, reserved 1048576K
}
Event: 151.093 GC heap after
{Heap after GC invocations=72 (full 0):
 garbage-first heap   total 403456K, used 189432K [0x0000000700000000, 0x0000000800000000)
  region size 2048K, 4 young (8192K), 4 survivors (8192K)
 Metaspace       used 96709K, committed 98176K, reserved 1179648K
  class space    used 13646K, committed 14336K, reserved 1048576K
}
Event: 152.836 GC heap before
{Heap before GC invocations=73 (full 0):
 garbage-first heap   total 403456K, used 289784K [0x0000000700000000, 0x0000000800000000)
  region size 2048K, 53 young (108544K), 4 survivors (8192K)
 Metaspace       used 100984K, committed 102528K, reserved 1179648K
  class space    used 14270K, committed 14976K, reserved 1048576K
}
Event: 152.871 GC heap after
{Heap after GC invocations=74 (full 0):
 garbage-first heap   total 403456K, used 196690K [0x0000000700000000, 0x0000000800000000)
  region size 2048K, 7 young (14336K), 7 survivors (14336K)
 Metaspace       used 100984K, committed 102528K, reserved 1179648K
  class space    used 14270K, committed 14976K, reserved 1048576K
}
Event: 152.909 GC heap before
{Heap before GC invocations=74 (full 0):
 garbage-first heap   total 403456K, used 200786K [0x0000000700000000, 0x0000000800000000)
  region size 2048K, 9 young (18432K), 7 survivors (14336K)
 Metaspace       used 100987K, committed 102528K, reserved 1179648K
  class space    used 14270K, committed 14976K, reserved 1048576K
}
Event: 152.947 GC heap after
{Heap after GC invocations=75 (full 0):
 garbage-first heap   total 403456K, used 197472K [0x0000000700000000, 0x0000000800000000)
  region size 2048K, 1 young (2048K), 1 survivors (2048K)
 Metaspace       used 100987K, committed 102528K, reserved 1179648K
  class space    used 14270K, committed 14976K, reserved 1048576K
}
Event: 154.317 GC heap before
{Heap before GC invocations=75 (full 0):
 garbage-first heap   total 403456K, used 318304K [0x0000000700000000, 0x0000000800000000)
  region size 2048K, 60 young (122880K), 1 survivors (2048K)
 Metaspace       used 101597K, committed 103168K, reserved 1179648K
  class space    used 14354K, committed 15040K, reserved 1048576K
}
Event: 154.345 GC heap after
{Heap after GC invocations=76 (full 0):
 garbage-first heap   total 403456K, used 218764K [0x0000000700000000, 0x0000000800000000)
  region size 2048K, 8 young (16384K), 8 survivors (16384K)
 Metaspace       used 101597K, committed 103168K, reserved 1179648K
  class space    used 14354K, committed 15040K, reserved 1048576K
}
Event: 156.294 GC heap before
{Heap before GC invocations=76 (full 0):
 garbage-first heap   total 403456K, used 312972K [0x0000000700000000, 0x0000000800000000)
  region size 2048K, 55 young (112640K), 8 survivors (16384K)
 Metaspace       used 103552K, committed 105152K, reserved 1179648K
  class space    used 14622K, committed 15360K, reserved 1048576K
}
Event: 156.341 GC heap after
{Heap after GC invocations=77 (full 0):
 garbage-first heap   total 403456K, used 235520K [0x0000000700000000, 0x0000000800000000)
  region size 2048K, 7 young (14336K), 7 survivors (14336K)
 Metaspace       used 103552K, committed 105152K, reserved 1179648K
  class space    used 14622K, committed 15360K, reserved 1048576K
}
Event: 158.414 GC heap before
{Heap before GC invocations=77 (full 0):
 garbage-first heap   total 403456K, used 321536K [0x0000000700000000, 0x0000000800000000)
  region size 2048K, 49 young (100352K), 7 survivors (14336K)
 Metaspace       used 107367K, committed 109056K, reserved 1179648K
  class space    used 15146K, committed 15936K, reserved 1048576K
}

