# JRE version: Java(TM) SE Runtime Environment (17.0.9+11) (build 17.0.9+11-LTS-201)
# Java VM: Java HotSpot(TM) 64-Bit Server VM (17.0.9+11-LTS-201, mixed mode, sharing, tiered, compressed oops, compressed class ptrs, g1 gc, windows-amd64)
GC Precious Log:
 CPUs: 4 total, 4 available
 Memory: 3975M
 Large Page Support: Disabled
 NUMA Support: Disabled
 Compressed Oops: Enabled (Zero based)
 Heap Region Size: 2M
 Heap Min Capacity: 8M
 Heap Initial Capacity: 64M
 Heap Max Capacity: 4G
 Pre-touch: Disabled
 Parallel Workers: 4
 Concurrent Workers: 1
 Concurrent Refinement Workers: 4
 Periodic GC: Disabled
Heap:
 garbage-first heap   total 413696K, used 242797K [0x0000000700000000, 0x0000000800000000)
  region size 2048K, 6 young (12288K), 6 survivors (12288K)
 Metaspace       used 106934K, committed 108608K, reserved 1179648K
  class space    used 15092K, committed 15808K, reserved 1048576K
GC Heap History (20 events):
Event: 234.910 GC heap after
{Heap after GC invocations=55 (full 0):
 garbage-first heap   total 249856K, used 145408K [0x0000000700000000, 0x0000000800000000)
  region size 2048K, 4 young (8192K), 4 survivors (8192K)
 Metaspace       used 93113K, committed 94272K, reserved 1179648K
  class space    used 13164K, committed 13696K, reserved 1048576K
}
Event: 237.012 GC heap before
{Heap before GC invocations=55 (full 0):
 garbage-first heap   total 249856K, used 198656K [0x0000000700000000, 0x0000000800000000)
  region size 2048K, 30 young (61440K), 4 survivors (8192K)
 Metaspace       used 94021K, committed 95360K, reserved 1179648K
  class space    used 13303K, committed 13888K, reserved 1048576K
}
Event: 237.056 GC heap after
{Heap after GC invocations=56 (full 0):
 garbage-first heap   total 249856K, used 154842K [0x0000000700000000, 0x0000000800000000)
  region size 2048K, 4 young (8192K), 4 survivors (8192K)
 Metaspace       used 94021K, committed 95360K, reserved 1179648K
  class space    used 13303K, committed 13888K, reserved 1048576K
}
Event: 239.438 GC heap before
{Heap before GC invocations=57 (full 0):
 garbage-first heap   total 280576K, used 199898K [0x0000000700000000, 0x0000000800000000)
  region size 2048K, 26 young (53248K), 4 survivors (8192K)
 Metaspace       used 95648K, committed 97152K, reserved 1179648K
  class space    used 13492K, committed 14144K, reserved 1048576K
}
Event: 239.473 GC heap after
{Heap after GC invocations=58 (full 0):
 garbage-first heap   total 280576K, used 171406K [0x0000000700000000, 0x0000000800000000)
  region size 2048K, 4 young (8192K), 4 survivors (8192K)
 Metaspace       used 95648K, committed 97152K, reserved 1179648K
  class space    used 13492K, committed 14144K, reserved 1048576K
}
Event: 239.747 GC heap before
{Heap before GC invocations=58 (full 0):
 garbage-first heap   total 280576K, used 175502K [0x0000000700000000, 0x0000000800000000)
  region size 2048K, 6 young (12288K), 4 survivors (8192K)
 Metaspace       used 95678K, committed 97152K, reserved 1179648K
  class space    used 13492K, committed 14144K, reserved 1048576K
}
Event: 239.774 GC heap after
{Heap after GC invocations=59 (full 0):
 garbage-first heap   total 280576K, used 173473K [0x0000000700000000, 0x0000000800000000)
  region size 2048K, 1 young (2048K), 1 survivors (2048K)
 Metaspace       used 95678K, committed 97152K, reserved 1179648K
  class space    used 13492K, committed 14144K, reserved 1048576K
}
Event: 241.004 GC heap before
{Heap before GC invocations=59 (full 0):
 garbage-first heap   total 280576K, used 220577K [0x0000000700000000, 0x0000000800000000)
  region size 2048K, 25 young (51200K), 1 survivors (2048K)
 Metaspace       used 96182K, committed 97664K, reserved 1179648K
  class space    used 13568K, committed 14208K, reserved 1048576K
}
Event: 241.022 GC heap after
{Heap after GC invocations=60 (full 0):
 garbage-first heap   total 387072K, used 186742K [0x0000000700000000, 0x0000000800000000)
  region size 2048K, 4 young (8192K), 4 survivors (8192K)
 Metaspace       used 96182K, committed 97664K, reserved 1179648K
  class space    used 13568K, committed 14208K, reserved 1048576K
}
Event: 245.001 GC heap before
{Heap before GC invocations=61 (full 0):
 garbage-first heap   total 387072K, used 299382K [0x0000000700000000, 0x0000000800000000)
  region size 2048K, 59 young (120832K), 4 survivors (8192K)
 Metaspace       used 100948K, committed 102528K, reserved 1179648K
  class space    used 14266K, committed 14912K, reserved 1048576K
}
Event: 245.062 GC heap after
{Heap after GC invocations=62 (full 0):
 garbage-first heap   total 387072K, used 194741K [0x0000000700000000, 0x0000000800000000)
  region size 2048K, 8 young (16384K), 8 survivors (16384K)
 Metaspace       used 100948K, committed 102528K, reserved 1179648K
  class space    used 14266K, committed 14912K, reserved 1048576K
}
Event: 245.125 GC heap before
{Heap before GC invocations=62 (full 0):
 garbage-first heap   total 387072K, used 196789K [0x0000000700000000, 0x0000000800000000)
  region size 2048K, 9 young (18432K), 8 survivors (16384K)
 Metaspace       used 100948K, committed 102528K, reserved 1179648K
  class space    used 14266K, committed 14912K, reserved 1048576K
}
Event: 245.308 GC heap after
{Heap after GC invocations=63 (full 0):
 garbage-first heap   total 387072K, used 196193K [0x0000000700000000, 0x0000000800000000)
  region size 2048K, 1 young (2048K), 1 survivors (2048K)
 Metaspace       used 100948K, committed 102528K, reserved 1179648K
  class space    used 14266K, committed 14912K, reserved 1048576K
}
Event: 247.140 GC heap before
{Heap before GC invocations=63 (full 0):
 garbage-first heap   total 387072K, used 304737K [0x0000000700000000, 0x0000000800000000)
  region size 2048K, 54 young (110592K), 1 survivors (2048K)
 Metaspace       used 101407K, committed 102912K, reserved 1179648K
  class space    used 14322K, committed 14976K, reserved 1048576K
}
Event: 247.181 GC heap after
{Heap after GC invocations=64 (full 0):
 garbage-first heap   total 387072K, used 213817K [0x0000000700000000, 0x0000000800000000)
  region size 2048K, 7 young (14336K), 7 survivors (14336K)
 Metaspace       used 101407K, committed 102912K, reserved 1179648K
  class space    used 14322K, committed 14976K, reserved 1048576K
}
Event: 250.499 GC heap before
{Heap before GC invocations=65 (full 0):
 garbage-first heap   total 413696K, used 303929K [0x0000000700000000, 0x0000000800000000)
  region size 2048K, 51 young (104448K), 7 survivors (14336K)
 Metaspace       used 102145K, committed 103808K, reserved 1179648K
  class space    used 14417K, committed 15104K, reserved 1048576K
}
Event: 250.592 GC heap after
{Heap after GC invocations=66 (full 0):
 garbage-first heap   total 413696K, used 232728K [0x0000000700000000, 0x0000000800000000)
  region size 2048K, 7 young (14336K), 7 survivors (14336K)
 Metaspace       used 102145K, committed 103808K, reserved 1179648K
  class space    used 14417K, committed 15104K, reserved 1048576K
}
Event: 250.758 GC heap before
{Heap before GC invocations=66 (full 0):
 garbage-first heap   total 413696K, used 238872K [0x0000000700000000, 0x0000000800000000)
  region size 2048K, 10 young (20480K), 7 survivors (14336K)
 Metaspace       used 102171K, committed 103808K, reserved 1179648K
  class space    used 14417K, committed 15104K, reserved 1048576K
}
Event: 250.808 GC heap after
{Heap after GC invocations=67 (full 0):
 garbage-first heap   total 413696K, used 234770K [0x0000000700000000, 0x0000000800000000)
  region size 2048K, 2 young (4096K), 2 survivors (4096K)
 Metaspace       used 102171K, committed 103808K, reserved 1179648K
  class space    used 14417K, committed 15104K, reserved 1048576K
}
Event: 254.444 GC heap before
{Heap before GC invocations=67 (full 0):
 garbage-first heap   total 413696K, used 324882K [0x0000000700000000, 0x0000000800000000)
  region size 2048K, 46 young (94208K), 2 survivors (4096K)
 Metaspace       used 106934K, committed 108608K, reserved 1179648K
  class space    used 15092K, committed 15808K, reserved 1048576K
}

