# JRE version: Java(TM) SE Runtime Environment (17.0.9+11) (build 17.0.9+11-LTS-201)
# Java VM: Java HotSpot(TM) 64-Bit Server VM (17.0.9+11-LTS-201, mixed mode, sharing, tiered, compressed oops, compressed class ptrs, g1 gc, windows-amd64)
GC Precious Log:
 CPUs: 4 total, 4 available
 Memory: 3975M
 Large Page Support: Disabled
 NUMA Support: Disabled
 Compressed Oops: Enabled (Zero based)
 Heap Region Size: 2M
 Heap Min Capacity: 8M
 Heap Initial Capacity: 64M
 Heap Max Capacity: 4G
 Pre-touch: Disabled
 Parallel Workers: 4
 Concurrent Workers: 1
 Concurrent Refinement Workers: 4
 Periodic GC: Disabled
Heap:
 garbage-first heap   total 714752K, used 464906K [0x0000000700000000, 0x0000000800000000)
  region size 2048K, 5 young (10240K), 5 survivors (10240K)
 Metaspace       used 148607K, committed 151104K, reserved 1179648K
  class space    used 19895K, committed 21056K, reserved 1048576K
GC Heap History (20 events):
Event: 346.979 GC heap after
{Heap after GC invocations=80 (full 0):
 garbage-first heap   total 585728K, used 344642K [0x0000000700000000, 0x0000000800000000)
  region size 2048K, 4 young (8192K), 4 survivors (8192K)
 Metaspace       used 145214K, committed 147520K, reserved 1179648K
  class space    used 19631K, committed 20672K, reserved 1048576K
}
Event: 374.538 GC heap before
{Heap before GC invocations=80 (full 0):
 garbage-first heap   total 585728K, used 504386K [0x0000000700000000, 0x0000000800000000)
  region size 2048K, 79 young (161792K), 4 survivors (8192K)
 Metaspace       used 146227K, committed 148544K, reserved 1179648K
  class space    used 19680K, committed 20736K, reserved 1048576K
}
Event: 374.612 GC heap after
{Heap after GC invocations=81 (full 0):
 garbage-first heap   total 714752K, used 347171K [0x0000000700000000, 0x0000000800000000)
  region size 2048K, 4 young (8192K), 4 survivors (8192K)
 Metaspace       used 146227K, committed 148544K, reserved 1179648K
  class space    used 19680K, committed 20736K, reserved 1048576K
}
Event: 386.483 GC heap before
{Heap before GC invocations=81 (full 0):
 garbage-first heap   total 714752K, used 605219K [0x0000000700000000, 0x0000000800000000)
  region size 2048K, 130 young (266240K), 4 survivors (8192K)
 Metaspace       used 146262K, committed 148608K, reserved 1179648K
  class space    used 19682K, committed 20736K, reserved 1048576K
}
Event: 386.522 GC heap after
{Heap after GC invocations=82 (full 0):
 garbage-first heap   total 714752K, used 350307K [0x0000000700000000, 0x0000000800000000)
  region size 2048K, 6 young (12288K), 6 survivors (12288K)
 Metaspace       used 146262K, committed 148608K, reserved 1179648K
  class space    used 19682K, committed 20736K, reserved 1048576K
}
Event: 1266.659 GC heap before
{Heap before GC invocations=82 (full 0):
 garbage-first heap   total 714752K, used 606307K [0x0000000700000000, 0x0000000800000000)
  region size 2048K, 132 young (270336K), 6 survivors (12288K)
 Metaspace       used 147870K, committed 150400K, reserved 1179648K
  class space    used 19867K, committed 20992K, reserved 1048576K
}
Event: 1267.213 GC heap after
{Heap after GC invocations=83 (full 0):
 garbage-first heap   total 714752K, used 384499K [0x0000000700000000, 0x0000000800000000)
  region size 2048K, 17 young (34816K), 17 survivors (34816K)
 Metaspace       used 147870K, committed 150400K, reserved 1179648K
  class space    used 19867K, committed 20992K, reserved 1048576K
}
Event: 1267.408 GC heap before
{Heap before GC invocations=83 (full 0):
 garbage-first heap   total 714752K, used 386547K [0x0000000700000000, 0x0000000800000000)
  region size 2048K, 18 young (36864K), 17 survivors (34816K)
 Metaspace       used 147870K, committed 150400K, reserved 1179648K
  class space    used 19867K, committed 20992K, reserved 1048576K
}
Event: 1267.551 GC heap after
{Heap after GC invocations=84 (full 0):
 garbage-first heap   total 714752K, used 389120K [0x0000000700000000, 0x0000000800000000)
  region size 2048K, 2 young (4096K), 2 survivors (4096K)
 Metaspace       used 147870K, committed 150400K, reserved 1179648K
  class space    used 19867K, committed 20992K, reserved 1048576K
}
Event: 1270.259 GC heap before
{Heap before GC invocations=84 (full 0):
 garbage-first heap   total 714752K, used 440320K [0x0000000700000000, 0x0000000800000000)
  region size 2048K, 28 young (57344K), 2 survivors (4096K)
 Metaspace       used 147918K, committed 150400K, reserved 1179648K
  class space    used 19867K, committed 20992K, reserved 1048576K
}
Event: 1270.313 GC heap after
{Heap after GC invocations=85 (full 0):
 garbage-first heap   total 714752K, used 397312K [0x0000000700000000, 0x0000000800000000)
  region size 2048K, 4 young (8192K), 4 survivors (8192K)
 Metaspace       used 147918K, committed 150400K, reserved 1179648K
  class space    used 19867K, committed 20992K, reserved 1048576K
}
Event: 1274.342 GC heap before
{Heap before GC invocations=85 (full 0):
 garbage-first heap   total 714752K, used 468992K [0x0000000700000000, 0x0000000800000000)
  region size 2048K, 40 young (81920K), 4 survivors (8192K)
 Metaspace       used 148109K, committed 150592K, reserved 1179648K
  class space    used 19882K, committed 20992K, reserved 1048576K
}
Event: 1274.428 GC heap after
{Heap after GC invocations=86 (full 0):
 garbage-first heap   total 714752K, used 411393K [0x0000000700000000, 0x0000000800000000)
  region size 2048K, 5 young (10240K), 5 survivors (10240K)
 Metaspace       used 148109K, committed 150592K, reserved 1179648K
  class space    used 19882K, committed 20992K, reserved 1048576K
}
Event: 1278.388 GC heap before
{Heap before GC invocations=86 (full 0):
 garbage-first heap   total 714752K, used 505601K [0x0000000700000000, 0x0000000800000000)
  region size 2048K, 51 young (104448K), 5 survivors (10240K)
 Metaspace       used 148305K, committed 150784K, reserved 1179648K
  class space    used 19886K, committed 20992K, reserved 1048576K
}
Event: 1278.516 GC heap after
{Heap after GC invocations=87 (full 0):
 garbage-first heap   total 714752K, used 430620K [0x0000000700000000, 0x0000000800000000)
  region size 2048K, 7 young (14336K), 7 survivors (14336K)
 Metaspace       used 148305K, committed 150784K, reserved 1179648K
  class space    used 19886K, committed 20992K, reserved 1048576K
}
Event: 1279.616 GC heap before
{Heap before GC invocations=87 (full 0):
 garbage-first heap   total 714752K, used 514588K [0x0000000700000000, 0x0000000800000000)
  region size 2048K, 48 young (98304K), 7 survivors (14336K)
 Metaspace       used 148370K, committed 150848K, reserved 1179648K
  class space    used 19886K, committed 20992K, reserved 1048576K
}
Event: 1279.733 GC heap after
{Heap after GC invocations=88 (full 0):
 garbage-first heap   total 714752K, used 442296K [0x0000000700000000, 0x0000000800000000)
  region size 2048K, 5 young (10240K), 5 survivors (10240K)
 Metaspace       used 148370K, committed 150848K, reserved 1179648K
  class space    used 19886K, committed 20992K, reserved 1048576K
}
Event: 1281.157 GC heap before
{Heap before GC invocations=88 (full 0):
 garbage-first heap   total 714752K, used 559032K [0x0000000700000000, 0x0000000800000000)
  region size 2048K, 62 young (126976K), 5 survivors (10240K)
 Metaspace       used 148418K, committed 150976K, reserved 1179648K
  class space    used 19888K, committed 21056K, reserved 1048576K
}
Event: 1281.281 GC heap after
{Heap after GC invocations=89 (full 0):
 garbage-first heap   total 714752K, used 456056K [0x0000000700000000, 0x0000000800000000)
  region size 2048K, 7 young (14336K), 7 survivors (14336K)
 Metaspace       used 148418K, committed 150976K, reserved 1179648K
  class space    used 19888K, committed 21056K, reserved 1048576K
}
Event: 1287.192 GC heap before
{Heap before GC invocations=89 (full 0):
 garbage-first heap   total 714752K, used 587128K [0x0000000700000000, 0x0000000800000000)
  region size 2048K, 71 young (145408K), 7 survivors (14336K)
 Metaspace       used 148607K, committed 151104K, reserved 1179648K
  class space    used 19895K, committed 21056K, reserved 1048576K
}

