# JRE version: Java(TM) SE Runtime Environment (17.0.9+11) (build 17.0.9+11-LTS-201)
# Java VM: Java HotSpot(TM) 64-Bit Server VM (17.0.9+11-LTS-201, mixed mode, sharing, tiered, compressed oops, compressed class ptrs, g1 gc, windows-amd64)
GC Precious Log:
 CPUs: 4 total, 4 available
 Memory: 3975M
 Large Page Support: Disabled
 NUMA Support: Disabled
 Compressed Oops: Enabled (32-bit)
 Heap Region Size: 1M
 Heap Min Capacity: 8M
 Heap Initial Capacity: 64M
 Heap Max Capacity: 994M
 Pre-touch: Disabled
 Parallel Workers: 4
 Concurrent Workers: 1
 Concurrent Refinement Workers: 4
 Periodic GC: Disabled
Heap:
 garbage-first heap   total 65536K, used 26617K [0x00000000c1e00000, 0x0000000100000000)
  region size 1024K, 13 young (13312K), 5 survivors (5120K)
 Metaspace       used 18481K, committed 18752K, reserved 1114112K
  class space    used 2096K, committed 2240K, reserved 1048576K
GC Heap History (6 events):
Event: 1.782 GC heap before
{Heap before GC invocations=0 (full 0):
 garbage-first heap   total 65536K, used 17408K [0x00000000c1e00000, 0x0000000100000000)
  region size 1024K, 13 young (13312K), 0 survivors (0K)
 Metaspace       used 3891K, committed 3968K, reserved 1114112K
  class space    used 317K, committed 384K, reserved 1048576K
}
Event: 1.934 GC heap after
{Heap after GC invocations=1 (full 0):
 garbage-first heap   total 65536K, used 6256K [0x00000000c1e00000, 0x0000000100000000)
  region size 1024K, 2 young (2048K), 2 survivors (2048K)
 Metaspace       used 3891K, committed 3968K, reserved 1114112K
  class space    used 317K, committed 384K, reserved 1048576K
}
Event: 3.290 GC heap before
{Heap before GC invocations=1 (full 0):
 garbage-first heap   total 65536K, used 21616K [0x00000000c1e00000, 0x0000000100000000)
  region size 1024K, 18 young (18432K), 2 survivors (2048K)
 Metaspace       used 7695K, committed 7808K, reserved 1114112K
  class space    used 813K, committed 896K, reserved 1048576K
}
Event: 3.299 GC heap after
{Heap after GC invocations=2 (full 0):
 garbage-first heap   total 65536K, used 7945K [0x00000000c1e00000, 0x0000000100000000)
  region size 1024K, 2 young (2048K), 2 survivors (2048K)
 Metaspace       used 7695K, committed 7808K, reserved 1114112K
  class space    used 813K, committed 896K, reserved 1048576K
}
Event: 6.652 GC heap before
{Heap before GC invocations=2 (full 0):
 garbage-first heap   total 65536K, used 48905K [0x00000000c1e00000, 0x0000000100000000)
  region size 1024K, 38 young (38912K), 2 survivors (2048K)
 Metaspace       used 16232K, committed 16448K, reserved 1114112K
  class space    used 1856K, committed 1984K, reserved 1048576K
}
Event: 6.672 GC heap after
{Heap after GC invocations=3 (full 0):
 garbage-first heap   total 65536K, used 19449K [0x00000000c1e00000, 0x0000000100000000)
  region size 1024K, 5 young (5120K), 5 survivors (5120K)
 Metaspace       used 16232K, committed 16448K, reserved 1114112K
  class space    used 1856K, committed 1984K, reserved 1048576K
}

