# JRE version: Java(TM) SE Runtime Environment (17.0.9+11) (build 17.0.9+11-LTS-201)
# Java VM: Java HotSpot(TM) 64-Bit Server VM (17.0.9+11-LTS-201, mixed mode, sharing, tiered, compressed oops, compressed class ptrs, g1 gc, windows-amd64)
GC Precious Log:
 CPUs: 4 total, 4 available
 Memory: 3975M
 Large Page Support: Disabled
 NUMA Support: Disabled
 Compressed Oops: Enabled (Zero based)
 Heap Region Size: 2M
 Heap Min Capacity: 8M
 Heap Initial Capacity: 64M
 Heap Max Capacity: 4G
 Pre-touch: Disabled
 Parallel Workers: 4
 Concurrent Workers: 1
 Concurrent Refinement Workers: 4
 Periodic GC: Disabled
Heap:
 garbage-first heap   total 872448K, used 442553K [0x0000000700000000, 0x0000000800000000)
  region size 2048K, 5 young (10240K), 5 survivors (10240K)
 Metaspace       used 160528K, committed 163136K, reserved 1245184K
  class space    used 21554K, committed 22720K, reserved 1048576K
GC Heap History (20 events):
Event: 499.652 GC heap after
{Heap after GC invocations=92 (full 0):
 garbage-first heap   total 872448K, used 360869K [0x0000000700000000, 0x0000000800000000)
  region size 2048K, 1 young (2048K), 1 survivors (2048K)
 Metaspace       used 145886K, committed 148480K, reserved 1179648K
  class space    used 19675K, committed 20864K, reserved 1048576K
}
Event: 503.879 GC heap before
{Heap before GC invocations=92 (full 0):
 garbage-first heap   total 872448K, used 442789K [0x0000000700000000, 0x0000000800000000)
  region size 2048K, 42 young (86016K), 1 survivors (2048K)
 Metaspace       used 150852K, committed 153408K, reserved 1245184K
  class space    used 20414K, committed 21568K, reserved 1048576K
}
Event: 503.909 GC heap after
{Heap after GC invocations=93 (full 0):
 garbage-first heap   total 872448K, used 366509K [0x0000000700000000, 0x0000000800000000)
  region size 2048K, 4 young (8192K), 4 survivors (8192K)
 Metaspace       used 150852K, committed 153408K, reserved 1245184K
  class space    used 20414K, committed 21568K, reserved 1048576K
}
Event: 511.399 GC heap before
{Heap before GC invocations=93 (full 0):
 garbage-first heap   total 872448K, used 466861K [0x0000000700000000, 0x0000000800000000)
  region size 2048K, 43 young (88064K), 4 survivors (8192K)
 Metaspace       used 155041K, committed 157632K, reserved 1245184K
  class space    used 21005K, committed 22208K, reserved 1048576K
}
Event: 511.474 GC heap after
{Heap after GC invocations=94 (full 0):
 garbage-first heap   total 872448K, used 377812K [0x0000000700000000, 0x0000000800000000)
  region size 2048K, 2 young (4096K), 2 survivors (4096K)
 Metaspace       used 155041K, committed 157632K, reserved 1245184K
  class space    used 21005K, committed 22208K, reserved 1048576K
}
Event: 520.909 GC heap before
{Heap before GC invocations=94 (full 0):
 garbage-first heap   total 872448K, used 490452K [0x0000000700000000, 0x0000000800000000)
  region size 2048K, 56 young (114688K), 2 survivors (4096K)
 Metaspace       used 157978K, committed 160512K, reserved 1245184K
  class space    used 21399K, committed 22592K, reserved 1048576K
}
Event: 520.936 GC heap after
{Heap after GC invocations=95 (full 0):
 garbage-first heap   total 872448K, used 381461K [0x0000000700000000, 0x0000000800000000)
  region size 2048K, 4 young (8192K), 4 survivors (8192K)
 Metaspace       used 157978K, committed 160512K, reserved 1245184K
  class space    used 21399K, committed 22592K, reserved 1048576K
}
Event: 527.441 GC heap before
{Heap before GC invocations=95 (full 0):
 garbage-first heap   total 872448K, used 498197K [0x0000000700000000, 0x0000000800000000)
  region size 2048K, 62 young (126976K), 4 survivors (8192K)
 Metaspace       used 158872K, committed 161408K, reserved 1245184K
  class space    used 21434K, committed 22592K, reserved 1048576K
}
Event: 527.489 GC heap after
{Heap after GC invocations=96 (full 0):
 garbage-first heap   total 872448K, used 388097K [0x0000000700000000, 0x0000000800000000)
  region size 2048K, 7 young (14336K), 7 survivors (14336K)
 Metaspace       used 158872K, committed 161408K, reserved 1245184K
  class space    used 21434K, committed 22592K, reserved 1048576K
}
Event: 529.197 GC heap before
{Heap before GC invocations=96 (full 0):
 garbage-first heap   total 872448K, used 486401K [0x0000000700000000, 0x0000000800000000)
  region size 2048K, 56 young (114688K), 7 survivors (14336K)
 Metaspace       used 158955K, committed 161536K, reserved 1245184K
  class space    used 21436K, committed 22592K, reserved 1048576K
}
Event: 529.265 GC heap after
{Heap after GC invocations=97 (full 0):
 garbage-first heap   total 872448K, used 395307K [0x0000000700000000, 0x0000000800000000)
  region size 2048K, 4 young (8192K), 4 survivors (8192K)
 Metaspace       used 158955K, committed 161536K, reserved 1245184K
  class space    used 21436K, committed 22592K, reserved 1048576K
}
Event: 531.543 GC heap before
{Heap before GC invocations=97 (full 0):
 garbage-first heap   total 872448K, used 591915K [0x0000000700000000, 0x0000000800000000)
  region size 2048K, 101 young (206848K), 4 survivors (8192K)
 Metaspace       used 159272K, committed 161792K, reserved 1245184K
  class space    used 21442K, committed 22592K, reserved 1048576K
}
Event: 531.647 GC heap after
{Heap after GC invocations=98 (full 0):
 garbage-first heap   total 872448K, used 406388K [0x0000000700000000, 0x0000000800000000)
  region size 2048K, 10 young (20480K), 10 survivors (20480K)
 Metaspace       used 159272K, committed 161792K, reserved 1245184K
  class space    used 21442K, committed 22592K, reserved 1048576K
}
Event: 532.355 GC heap before
{Heap before GC invocations=98 (full 0):
 garbage-first heap   total 872448K, used 486260K [0x0000000700000000, 0x0000000800000000)
  region size 2048K, 50 young (102400K), 10 survivors (20480K)
 Metaspace       used 159383K, committed 161920K, reserved 1245184K
  class space    used 21446K, committed 22592K, reserved 1048576K
}
Event: 532.495 GC heap after
{Heap after GC invocations=99 (full 0):
 garbage-first heap   total 872448K, used 414680K [0x0000000700000000, 0x0000000800000000)
  region size 2048K, 5 young (10240K), 5 survivors (10240K)
 Metaspace       used 159383K, committed 161920K, reserved 1245184K
  class space    used 21446K, committed 22592K, reserved 1048576K
}
Event: 535.153 GC heap before
{Heap before GC invocations=99 (full 0):
 garbage-first heap   total 872448K, used 560088K [0x0000000700000000, 0x0000000800000000)
  region size 2048K, 77 young (157696K), 5 survivors (10240K)
 Metaspace       used 160061K, committed 162624K, reserved 1245184K
  class space    used 21528K, committed 22720K, reserved 1048576K
}
Event: 535.208 GC heap after
{Heap after GC invocations=100 (full 0):
 garbage-first heap   total 872448K, used 418447K [0x0000000700000000, 0x0000000800000000)
  region size 2048K, 7 young (14336K), 7 survivors (14336K)
 Metaspace       used 160061K, committed 162624K, reserved 1245184K
  class space    used 21528K, committed 22720K, reserved 1048576K
}
Event: 539.101 GC heap before
{Heap before GC invocations=100 (full 0):
 garbage-first heap   total 872448K, used 619151K [0x0000000700000000, 0x0000000800000000)
  region size 2048K, 104 young (212992K), 7 survivors (14336K)
 Metaspace       used 160395K, committed 162944K, reserved 1245184K
  class space    used 21547K, committed 22720K, reserved 1048576K
}
Event: 539.349 GC heap after
{Heap after GC invocations=101 (full 0):
 garbage-first heap   total 872448K, used 434541K [0x0000000700000000, 0x0000000800000000)
  region size 2048K, 13 young (26624K), 13 survivors (26624K)
 Metaspace       used 160395K, committed 162944K, reserved 1245184K
  class space    used 21547K, committed 22720K, reserved 1048576K
}
Event: 540.989 GC heap before
{Heap before GC invocations=101 (full 0):
 garbage-first heap   total 872448K, used 526701K [0x0000000700000000, 0x0000000800000000)
  region size 2048K, 58 young (118784K), 13 survivors (26624K)
 Metaspace       used 160528K, committed 163136K, reserved 1245184K
  class space    used 21554K, committed 22720K, reserved 1048576K
}

