# JRE version: Java(TM) SE Runtime Environment (17.0.9+11) (build 17.0.9+11-LTS-201)
# Java VM: Java HotSpot(TM) 64-Bit Server VM (17.0.9+11-LTS-201, mixed mode, sharing, tiered, compressed oops, compressed class ptrs, g1 gc, windows-amd64)
GC Precious Log:
 CPUs: 4 total, 4 available
 Memory: 3975M
 Large Page Support: Disabled
 NUMA Support: Disabled
 Compressed Oops: Enabled (Zero based)
 Heap Region Size: 2M
 Heap Min Capacity: 8M
 Heap Initial Capacity: 64M
 Heap Max Capacity: 4G
 Pre-touch: Disabled
 Parallel Workers: 4
 Concurrent Workers: 1
 Concurrent Refinement Workers: 4
 Periodic GC: Disabled
Heap:
 garbage-first heap   total 559104K, used 273707K [0x0000000700000000, 0x0000000800000000)
  region size 2048K, 6 young (12288K), 6 survivors (12288K)
 Metaspace       used 108604K, committed 110528K, reserved 1179648K
  class space    used 15278K, committed 16192K, reserved 1048576K
GC Heap History (20 events):
Event: 172.827 GC heap after
{Heap after GC invocations=53 (full 0):
 garbage-first heap   total 192512K, used 115931K [0x0000000700000000, 0x0000000800000000)
  region size 2048K, 4 young (8192K), 4 survivors (8192K)
 Metaspace       used 89583K, committed 90560K, reserved 1179648K
  class space    used 12734K, committed 13184K, reserved 1048576K
}
Event: 172.889 GC heap before
{Heap before GC invocations=53 (full 0):
 garbage-first heap   total 192512K, used 115931K [0x0000000700000000, 0x0000000800000000)
  region size 2048K, 5 young (10240K), 4 survivors (8192K)
 Metaspace       used 89719K, committed 90688K, reserved 1179648K
  class space    used 12743K, committed 13184K, reserved 1048576K
}
Event: 172.907 GC heap after
{Heap after GC invocations=54 (full 0):
 garbage-first heap   total 192512K, used 116246K [0x0000000700000000, 0x0000000800000000)
  region size 2048K, 1 young (2048K), 1 survivors (2048K)
 Metaspace       used 89719K, committed 90688K, reserved 1179648K
  class space    used 12743K, committed 13184K, reserved 1048576K
}
Event: 174.184 GC heap before
{Heap before GC invocations=54 (full 0):
 garbage-first heap   total 192512K, used 157206K [0x0000000700000000, 0x0000000800000000)
  region size 2048K, 21 young (43008K), 1 survivors (2048K)
 Metaspace       used 90884K, committed 91968K, reserved 1179648K
  class space    used 12900K, committed 13376K, reserved 1048576K
}
Event: 174.201 GC heap after
{Heap after GC invocations=55 (full 0):
 garbage-first heap   total 559104K, used 118687K [0x0000000700000000, 0x0000000800000000)
  region size 2048K, 2 young (4096K), 2 survivors (4096K)
 Metaspace       used 90884K, committed 91968K, reserved 1179648K
  class space    used 12900K, committed 13376K, reserved 1048576K
}
Event: 185.255 GC heap before
{Heap before GC invocations=56 (full 0):
 garbage-first heap   total 444416K, used 370591K [0x0000000700000000, 0x0000000800000000)
  region size 2048K, 125 young (256000K), 2 survivors (4096K)
 Metaspace       used 95948K, committed 97472K, reserved 1179648K
  class space    used 13533K, committed 14272K, reserved 1048576K
}
Event: 185.376 GC heap after
{Heap after GC invocations=57 (full 0):
 garbage-first heap   total 444416K, used 175451K [0x0000000700000000, 0x0000000800000000)
  region size 2048K, 16 young (32768K), 16 survivors (32768K)
 Metaspace       used 95948K, committed 97472K, reserved 1179648K
  class space    used 13533K, committed 14272K, reserved 1048576K
}
Event: 185.501 GC heap before
{Heap before GC invocations=57 (full 0):
 garbage-first heap   total 444416K, used 177499K [0x0000000700000000, 0x0000000800000000)
  region size 2048K, 17 young (34816K), 16 survivors (32768K)
 Metaspace       used 95948K, committed 97472K, reserved 1179648K
  class space    used 13533K, committed 14272K, reserved 1048576K
}
Event: 185.547 GC heap after
{Heap after GC invocations=58 (full 0):
 garbage-first heap   total 444416K, used 181099K [0x0000000700000000, 0x0000000800000000)
  region size 2048K, 2 young (4096K), 2 survivors (4096K)
 Metaspace       used 95948K, committed 97472K, reserved 1179648K
  class space    used 13533K, committed 14272K, reserved 1048576K
}
Event: 190.141 GC heap before
{Heap before GC invocations=58 (full 0):
 garbage-first heap   total 444416K, used 308075K [0x0000000700000000, 0x0000000800000000)
  region size 2048K, 64 young (131072K), 2 survivors (4096K)
 Metaspace       used 100946K, committed 102528K, reserved 1179648K
  class space    used 14265K, committed 14976K, reserved 1048576K
}
Event: 190.185 GC heap after
{Heap after GC invocations=59 (full 0):
 garbage-first heap   total 444416K, used 193400K [0x0000000700000000, 0x0000000800000000)
  region size 2048K, 8 young (16384K), 8 survivors (16384K)
 Metaspace       used 100946K, committed 102528K, reserved 1179648K
  class space    used 14265K, committed 14976K, reserved 1048576K
}
Event: 192.210 GC heap before
{Heap before GC invocations=59 (full 0):
 garbage-first heap   total 444416K, used 322424K [0x0000000700000000, 0x0000000800000000)
  region size 2048K, 71 young (145408K), 8 survivors (16384K)
 Metaspace       used 101514K, committed 103168K, reserved 1179648K
  class space    used 14342K, committed 15104K, reserved 1048576K
}
Event: 192.297 GC heap after
{Heap after GC invocations=60 (full 0):
 garbage-first heap   total 444416K, used 214687K [0x0000000700000000, 0x0000000800000000)
  region size 2048K, 9 young (18432K), 9 survivors (18432K)
 Metaspace       used 101514K, committed 103168K, reserved 1179648K
  class space    used 14342K, committed 15104K, reserved 1048576K
}
Event: 196.539 GC heap before
{Heap before GC invocations=60 (full 0):
 garbage-first heap   total 444416K, used 333471K [0x0000000700000000, 0x0000000800000000)
  region size 2048K, 67 young (137216K), 9 survivors (18432K)
 Metaspace       used 104721K, committed 106432K, reserved 1179648K
  class space    used 14825K, committed 15616K, reserved 1048576K
}
Event: 196.615 GC heap after
{Heap after GC invocations=61 (full 0):
 garbage-first heap   total 444416K, used 234085K [0x0000000700000000, 0x0000000800000000)
  region size 2048K, 9 young (18432K), 9 survivors (18432K)
 Metaspace       used 104721K, committed 106432K, reserved 1179648K
  class space    used 14825K, committed 15616K, reserved 1048576K
}
Event: 202.138 GC heap before
{Heap before GC invocations=61 (full 0):
 garbage-first heap   total 444416K, used 344677K [0x0000000700000000, 0x0000000800000000)
  region size 2048K, 63 young (129024K), 9 survivors (18432K)
 Metaspace       used 107938K, committed 109760K, reserved 1179648K
  class space    used 15208K, committed 16064K, reserved 1048576K
}
Event: 202.223 GC heap after
{Heap after GC invocations=62 (full 0):
 garbage-first heap   total 444416K, used 251904K [0x0000000700000000, 0x0000000800000000)
  region size 2048K, 8 young (16384K), 8 survivors (16384K)
 Metaspace       used 107938K, committed 109760K, reserved 1179648K
  class space    used 15208K, committed 16064K, reserved 1048576K
}
Event: 205.034 GC heap before
{Heap before GC invocations=62 (full 0):
 garbage-first heap   total 444416K, used 350208K [0x0000000700000000, 0x0000000800000000)
  region size 2048K, 56 young (114688K), 8 survivors (16384K)
 Metaspace       used 108278K, committed 110080K, reserved 1179648K
  class space    used 15227K, committed 16064K, reserved 1048576K
}
Event: 205.092 GC heap after
{Heap after GC invocations=63 (full 0):
 garbage-first heap   total 444416K, used 263717K [0x0000000700000000, 0x0000000800000000)
  region size 2048K, 6 young (12288K), 6 survivors (12288K)
 Metaspace       used 108278K, committed 110080K, reserved 1179648K
  class space    used 15227K, committed 16064K, reserved 1048576K
}
Event: 207.352 GC heap before
{Heap before GC invocations=63 (full 0):
 garbage-first heap   total 444416K, used 355877K [0x0000000700000000, 0x0000000800000000)
  region size 2048K, 51 young (104448K), 6 survivors (12288K)
 Metaspace       used 108604K, committed 110528K, reserved 1179648K
  class space    used 15278K, committed 16192K, reserved 1048576K
}

