# JRE version: Java(TM) SE Runtime Environment (17.0.9+11) (build 17.0.9+11-LTS-201)
# Java VM: Java HotSpot(TM) 64-Bit Server VM (17.0.9+11-LTS-201, mixed mode, sharing, tiered, compressed oops, compressed class ptrs, g1 gc, windows-amd64)
GC Precious Log:
 CPUs: 4 total, 4 available
 Memory: 3975M
 Large Page Support: Disabled
 NUMA Support: Disabled
 Compressed Oops: Enabled (32-bit)
 Heap Region Size: 1M
 Heap Min Capacity: 8M
 Heap Initial Capacity: 64M
 Heap Max Capacity: 994M
 Pre-touch: Disabled
 Parallel Workers: 4
 Concurrent Workers: 1
 Concurrent Refinement Workers: 4
 Periodic GC: Disabled
Heap:
 garbage-first heap   total 187392K, used 131579K [0x00000000c1e00000, 0x0000000100000000)
  region size 1024K, 52 young (53248K), 8 survivors (8192K)
 Metaspace       used 62234K, committed 62592K, reserved 1114112K
  class space    used 7022K, committed 7168K, reserved 1048576K
GC Heap History (20 events):
Event: 23.062 GC heap before
{Heap before GC invocations=22 (full 0):
 garbage-first heap   total 96256K, used 64124K [0x00000000c1e00000, 0x0000000100000000)
  region size 1024K, 15 young (15360K), 3 survivors (3072K)
 Metaspace       used 50814K, committed 51072K, reserved 1114112K
  class space    used 6160K, committed 6272K, reserved 1048576K
}
Event: 23.076 GC heap after
{Heap after GC invocations=23 (full 0):
 garbage-first heap   total 96256K, used 55092K [0x00000000c1e00000, 0x0000000100000000)
  region size 1024K, 2 young (2048K), 2 survivors (2048K)
 Metaspace       used 50814K, committed 51072K, reserved 1114112K
  class space    used 6160K, committed 6272K, reserved 1048576K
}
Event: 23.309 GC heap before
{Heap before GC invocations=23 (full 0):
 garbage-first heap   total 96256K, used 56116K [0x00000000c1e00000, 0x0000000100000000)
  region size 1024K, 4 young (4096K), 2 survivors (2048K)
 Metaspace       used 51072K, committed 51328K, reserved 1114112K
  class space    used 6182K, committed 6336K, reserved 1048576K
}
Event: 23.316 GC heap after
{Heap after GC invocations=24 (full 0):
 garbage-first heap   total 96256K, used 53732K [0x00000000c1e00000, 0x0000000100000000)
  region size 1024K, 1 young (1024K), 1 survivors (1024K)
 Metaspace       used 51072K, committed 51328K, reserved 1114112K
  class space    used 6182K, committed 6336K, reserved 1048576K
}
Event: 25.593 GC heap before
{Heap before GC invocations=24 (full 0):
 garbage-first heap   total 96256K, used 69092K [0x00000000c1e00000, 0x0000000100000000)
  region size 1024K, 17 young (17408K), 1 survivors (1024K)
 Metaspace       used 52120K, committed 52480K, reserved 1114112K
  class space    used 6243K, committed 6400K, reserved 1048576K
}
Event: 25.607 GC heap after
{Heap after GC invocations=25 (full 0):
 garbage-first heap   total 96256K, used 56905K [0x00000000c1e00000, 0x0000000100000000)
  region size 1024K, 3 young (3072K), 3 survivors (3072K)
 Metaspace       used 52120K, committed 52480K, reserved 1114112K
  class space    used 6243K, committed 6400K, reserved 1048576K
}
Event: 27.694 GC heap before
{Heap before GC invocations=26 (full 0):
 garbage-first heap   total 104448K, used 76361K [0x00000000c1e00000, 0x0000000100000000)
  region size 1024K, 20 young (20480K), 3 survivors (3072K)
 Metaspace       used 54649K, committed 54912K, reserved 1114112K
  class space    used 6546K, committed 6656K, reserved 1048576K
}
Event: 27.715 GC heap after
{Heap after GC invocations=27 (full 0):
 garbage-first heap   total 104448K, used 61551K [0x00000000c1e00000, 0x0000000100000000)
  region size 1024K, 3 young (3072K), 3 survivors (3072K)
 Metaspace       used 54649K, committed 54912K, reserved 1114112K
  class space    used 6546K, committed 6656K, reserved 1048576K
}
Event: 27.955 GC heap before
{Heap before GC invocations=27 (full 0):
 garbage-first heap   total 104448K, used 62575K [0x00000000c1e00000, 0x0000000100000000)
  region size 1024K, 5 young (5120K), 3 survivors (3072K)
 Metaspace       used 54718K, committed 54976K, reserved 1114112K
  class space    used 6552K, committed 6656K, reserved 1048576K
}
Event: 27.970 GC heap after
{Heap after GC invocations=28 (full 0):
 garbage-first heap   total 104448K, used 62084K [0x00000000c1e00000, 0x0000000100000000)
  region size 1024K, 1 young (1024K), 1 survivors (1024K)
 Metaspace       used 54718K, committed 54976K, reserved 1114112K
  class space    used 6552K, committed 6656K, reserved 1048576K
}
Event: 32.437 GC heap before
{Heap before GC invocations=28 (full 0):
 garbage-first heap   total 104448K, used 82564K [0x00000000c1e00000, 0x0000000100000000)
  region size 1024K, 21 young (21504K), 1 survivors (1024K)
 Metaspace       used 55644K, committed 55936K, reserved 1114112K
  class space    used 6605K, committed 6720K, reserved 1048576K
}
Event: 32.462 GC heap after
{Heap after GC invocations=29 (full 0):
 garbage-first heap   total 187392K, used 66524K [0x00000000c1e00000, 0x0000000100000000)
  region size 1024K, 3 young (3072K), 3 survivors (3072K)
 Metaspace       used 55644K, committed 55936K, reserved 1114112K
  class space    used 6605K, committed 6720K, reserved 1048576K
}
Event: 43.583 GC heap before
{Heap before GC invocations=30 (full 0):
 garbage-first heap   total 187392K, used 136156K [0x00000000c1e00000, 0x0000000100000000)
  region size 1024K, 71 young (72704K), 3 survivors (3072K)
 Metaspace       used 57925K, committed 58240K, reserved 1114112K
  class space    used 6746K, committed 6912K, reserved 1048576K
}
Event: 43.615 GC heap after
{Heap after GC invocations=31 (full 0):
 garbage-first heap   total 187392K, used 76991K [0x00000000c1e00000, 0x0000000100000000)
  region size 1024K, 9 young (9216K), 9 survivors (9216K)
 Metaspace       used 57925K, committed 58240K, reserved 1114112K
  class space    used 6746K, committed 6912K, reserved 1048576K
}
Event: 43.887 GC heap before
{Heap before GC invocations=31 (full 0):
 garbage-first heap   total 187392K, used 78015K [0x00000000c1e00000, 0x0000000100000000)
  region size 1024K, 10 young (10240K), 9 survivors (9216K)
 Metaspace       used 58067K, committed 58368K, reserved 1114112K
  class space    used 6757K, committed 6912K, reserved 1048576K
}
Event: 43.921 GC heap after
{Heap after GC invocations=32 (full 0):
 garbage-first heap   total 187392K, used 77693K [0x00000000c1e00000, 0x0000000100000000)
  region size 1024K, 1 young (1024K), 1 survivors (1024K)
 Metaspace       used 58067K, committed 58368K, reserved 1114112K
  class space    used 6757K, committed 6912K, reserved 1048576K
}
Event: 49.987 GC heap before
{Heap before GC invocations=32 (full 0):
 garbage-first heap   total 187392K, used 134013K [0x00000000c1e00000, 0x0000000100000000)
  region size 1024K, 56 young (57344K), 1 survivors (1024K)
 Metaspace       used 59743K, committed 60032K, reserved 1114112K
  class space    used 6835K, committed 6976K, reserved 1048576K
}
Event: 49.996 GC heap after
{Heap after GC invocations=33 (full 0):
 garbage-first heap   total 187392K, used 80032K [0x00000000c1e00000, 0x0000000100000000)
  region size 1024K, 4 young (4096K), 4 survivors (4096K)
 Metaspace       used 59743K, committed 60032K, reserved 1114112K
  class space    used 6835K, committed 6976K, reserved 1048576K
}
Event: 57.701 GC heap before
{Heap before GC invocations=33 (full 0):
 garbage-first heap   total 187392K, used 140448K [0x00000000c1e00000, 0x0000000100000000)
  region size 1024K, 62 young (63488K), 4 survivors (4096K)
 Metaspace       used 61070K, committed 61440K, reserved 1114112K
  class space    used 6928K, committed 7104K, reserved 1048576K
}
Event: 57.720 GC heap after
{Heap after GC invocations=34 (full 0):
 garbage-first heap   total 187392K, used 87547K [0x00000000c1e00000, 0x0000000100000000)
  region size 1024K, 8 young (8192K), 8 survivors (8192K)
 Metaspace       used 61070K, committed 61440K, reserved 1114112K
  class space    used 6928K, committed 7104K, reserved 1048576K
}

